<?xml version="1.0" encoding="UTF-8"?>
<!-- Generated by org.testng.reporters.JUnitXMLReporter -->
<testsuite hostname="shadmans-mbp.lan" ignored="0" name="TestA" tests="4" failures="0" timestamp="21 Nov 2018 20:01:33 GMT" time="0.094" errors="0">
  <testcase name="loginTest" time="0.01" classname="com.dunkin.TestA"/>
  <testcase name="loginTest" time="0.002" classname="com.dunkin.TestA"/>
  <testcase name="loginTest" time="0.004" classname="com.dunkin.TestA"/>
  <testcase name="loginTest" time="0.002" classname="com.dunkin.TestA"/>
</testsuite> <!-- TestA -->
