<?xml version="1.0" encoding="UTF-8"?>
<!-- Generated by org.testng.reporters.JUnitXMLReporter -->
<testsuite hostname="Shadmans-MBP.home" ignored="0" name="TestA" tests="4" failures="0" timestamp="08 Nov 2018 05:23:23 GMT" time="0.031" errors="0">
  <testcase name="loginTest" time="0.002" classname="com.dunkin.TestA"/>
  <testcase name="loginTest" time="0.001" classname="com.dunkin.TestA"/>
  <testcase name="loginTest" time="0.0" classname="com.dunkin.TestA"/>
  <testcase name="loginTest" time="0.001" classname="com.dunkin.TestA"/>
</testsuite> <!-- TestA -->
